<?xml version="1.0" encoding="UTF-8"?>
<!-- Generated by org.testng.reporters.JUnitReportReporter -->
<testsuite hostname="INLEN8520045462" failures="0" tests="3" name="TestRunner.TestRunner1" time="16.384" errors="0" timestamp="2022-07-20T12:56:05 IST" skipped="0">
  <testcase classname="TestRunner.TestRunner1" name="runScenario" time="9.805"/>
  <system-out/>
  <testcase classname="TestRunner.TestRunner1" name="runScenario" time="4.228"/>
  <system-out/>
  <testcase classname="TestRunner.TestRunner1" name="runScenario" time="2.351"/>
  <system-out/>
</testsuite> <!-- TestRunner.TestRunner1 -->
