<?xml version="1.0" encoding="UTF-8"?>
<!-- Generated by org.testng.reporters.JUnitReportReporter -->
<testsuite hostname="LIN51015519" failures="0" tests="3" name="TestRunner.TestRunner2" time="23.053" errors="0" timestamp="2022-07-20T09:39:34 IST" skipped="0">
  <testcase classname="TestRunner.TestRunner2" name="runScenario" time="8.801"/>
  <system-out/>
  <testcase classname="TestRunner.TestRunner2" name="runScenario" time="5.564"/>
  <system-out/>
  <testcase classname="TestRunner.TestRunner2" name="runScenario" time="8.688"/>
  <system-out/>
</testsuite> <!-- TestRunner.TestRunner2 -->
